Symlinking /home/joel/pkgs/mdk-230105/catkin_ws/devel/share/gennodejs/ros/miro2_msg/_index.js
Symlinking /home/joel/pkgs/mdk-230105/catkin_ws/devel/share/gennodejs/ros/miro2_msg/msg/affect.js
Symlinking /home/joel/pkgs/mdk-230105/catkin_ws/devel/share/gennodejs/ros/miro2_msg/msg/objects.js
Symlinking /home/joel/pkgs/mdk-230105/catkin_ws/devel/share/gennodejs/ros/miro2_msg/msg/img_annotation.js
Symlinking /home/joel/pkgs/mdk-230105/catkin_ws/devel/share/gennodejs/ros/miro2_msg/msg/sleep.js
Symlinking /home/joel/pkgs/mdk-230105/catkin_ws/devel/share/gennodejs/ros/miro2_msg/msg/priority_peak.js
Symlinking /home/joel/pkgs/mdk-230105/catkin_ws/devel/share/gennodejs/ros/miro2_msg/msg/object_face.js
Symlinking /home/joel/pkgs/mdk-230105/catkin_ws/devel/share/gennodejs/ros/miro2_msg/msg/adjust.js
Symlinking /home/joel/pkgs/mdk-230105/catkin_ws/devel/share/gennodejs/ros/miro2_msg/msg/_index.js
Symlinking /home/joel/pkgs/mdk-230105/catkin_ws/devel/share/gennodejs/ros/miro2_msg/msg/sleep_adjust.js
Symlinking /home/joel/pkgs/mdk-230105/catkin_ws/devel/share/gennodejs/ros/miro2_msg/msg/BatteryState.js
Symlinking /home/joel/pkgs/mdk-230105/catkin_ws/devel/share/gennodejs/ros/miro2_msg/msg/animal_state.js
Symlinking /home/joel/pkgs/mdk-230105/catkin_ws/devel/share/gennodejs/ros/miro2_msg/msg/funnel_web.js
Symlinking /home/joel/pkgs/mdk-230105/catkin_ws/devel/share/gennodejs/ros/miro2_msg/msg/voice_state.js
Symlinking /home/joel/pkgs/mdk-230105/catkin_ws/devel/share/gennodejs/ros/miro2_msg/msg/push.js
Symlinking /home/joel/pkgs/mdk-230105/catkin_ws/devel/share/gennodejs/ros/miro2_msg/msg/affect_adjust.js
Symlinking /home/joel/pkgs/mdk-230105/catkin_ws/devel/share/gennodejs/ros/miro2_msg/msg/sensors_package.js
Symlinking /home/joel/pkgs/mdk-230105/catkin_ws/devel/share/gennodejs/ros/miro2_msg/msg/object_tag.js
Symlinking /home/joel/pkgs/mdk-230105/catkin_ws/devel/share/gennodejs/ros/miro2_msg/msg/object_ball.js
Symlinking /home/joel/pkgs/mdk-230105/catkin_ws/devel/share/gennodejs/ros/miro2_msg/msg/animal_adjust.js
Symlinking /home/joel/pkgs/mdk-230105/catkin_ws/devel/share/common-lisp/ros/miro2_msg/msg/object_ball.lisp
Symlinking /home/joel/pkgs/mdk-230105/catkin_ws/devel/share/common-lisp/ros/miro2_msg/msg/_package_affect.lisp
Symlinking /home/joel/pkgs/mdk-230105/catkin_ws/devel/share/common-lisp/ros/miro2_msg/msg/voice_state.lisp
Symlinking /home/joel/pkgs/mdk-230105/catkin_ws/devel/share/common-lisp/ros/miro2_msg/msg/_package_sensors_package.lisp
Symlinking /home/joel/pkgs/mdk-230105/catkin_ws/devel/share/common-lisp/ros/miro2_msg/msg/_package_funnel_web.lisp
Symlinking /home/joel/pkgs/mdk-230105/catkin_ws/devel/share/common-lisp/ros/miro2_msg/msg/_package_sleep_adjust.lisp
Symlinking /home/joel/pkgs/mdk-230105/catkin_ws/devel/share/common-lisp/ros/miro2_msg/msg/BatteryState.lisp
Symlinking /home/joel/pkgs/mdk-230105/catkin_ws/devel/share/common-lisp/ros/miro2_msg/msg/_package_BatteryState.lisp
Symlinking /home/joel/pkgs/mdk-230105/catkin_ws/devel/share/common-lisp/ros/miro2_msg/msg/_package.lisp
Symlinking /home/joel/pkgs/mdk-230105/catkin_ws/devel/share/common-lisp/ros/miro2_msg/msg/_package_animal_adjust.lisp
Symlinking /home/joel/pkgs/mdk-230105/catkin_ws/devel/share/common-lisp/ros/miro2_msg/msg/object_face.lisp
Symlinking /home/joel/pkgs/mdk-230105/catkin_ws/devel/share/common-lisp/ros/miro2_msg/msg/object_tag.lisp
Symlinking /home/joel/pkgs/mdk-230105/catkin_ws/devel/share/common-lisp/ros/miro2_msg/msg/_package_objects.lisp
Symlinking /home/joel/pkgs/mdk-230105/catkin_ws/devel/share/common-lisp/ros/miro2_msg/msg/push.lisp
Symlinking /home/joel/pkgs/mdk-230105/catkin_ws/devel/share/common-lisp/ros/miro2_msg/msg/funnel_web.lisp
Symlinking /home/joel/pkgs/mdk-230105/catkin_ws/devel/share/common-lisp/ros/miro2_msg/msg/_package_sleep.lisp
Symlinking /home/joel/pkgs/mdk-230105/catkin_ws/devel/share/common-lisp/ros/miro2_msg/msg/_package_object_tag.lisp
Symlinking /home/joel/pkgs/mdk-230105/catkin_ws/devel/share/common-lisp/ros/miro2_msg/msg/_package_voice_state.lisp
Symlinking /home/joel/pkgs/mdk-230105/catkin_ws/devel/share/common-lisp/ros/miro2_msg/msg/_package_animal_state.lisp
Symlinking /home/joel/pkgs/mdk-230105/catkin_ws/devel/share/common-lisp/ros/miro2_msg/msg/animal_adjust.lisp
Symlinking /home/joel/pkgs/mdk-230105/catkin_ws/devel/share/common-lisp/ros/miro2_msg/msg/_package_push.lisp
Symlinking /home/joel/pkgs/mdk-230105/catkin_ws/devel/share/common-lisp/ros/miro2_msg/msg/affect.lisp
Symlinking /home/joel/pkgs/mdk-230105/catkin_ws/devel/share/common-lisp/ros/miro2_msg/msg/_package_object_ball.lisp
Symlinking /home/joel/pkgs/mdk-230105/catkin_ws/devel/share/common-lisp/ros/miro2_msg/msg/sleep_adjust.lisp
Symlinking /home/joel/pkgs/mdk-230105/catkin_ws/devel/share/common-lisp/ros/miro2_msg/msg/sleep.lisp
Symlinking /home/joel/pkgs/mdk-230105/catkin_ws/devel/share/common-lisp/ros/miro2_msg/msg/_package_object_face.lisp
Symlinking /home/joel/pkgs/mdk-230105/catkin_ws/devel/share/common-lisp/ros/miro2_msg/msg/objects.lisp
Symlinking /home/joel/pkgs/mdk-230105/catkin_ws/devel/share/common-lisp/ros/miro2_msg/msg/img_annotation.lisp
Symlinking /home/joel/pkgs/mdk-230105/catkin_ws/devel/share/common-lisp/ros/miro2_msg/msg/affect_adjust.lisp
Symlinking /home/joel/pkgs/mdk-230105/catkin_ws/devel/share/common-lisp/ros/miro2_msg/msg/_package_img_annotation.lisp
Symlinking /home/joel/pkgs/mdk-230105/catkin_ws/devel/share/common-lisp/ros/miro2_msg/msg/adjust.lisp
Symlinking /home/joel/pkgs/mdk-230105/catkin_ws/devel/share/common-lisp/ros/miro2_msg/msg/animal_state.lisp
Symlinking /home/joel/pkgs/mdk-230105/catkin_ws/devel/share/common-lisp/ros/miro2_msg/msg/miro2_msg-msg.asd
Symlinking /home/joel/pkgs/mdk-230105/catkin_ws/devel/share/common-lisp/ros/miro2_msg/msg/_package_adjust.lisp
Symlinking /home/joel/pkgs/mdk-230105/catkin_ws/devel/share/common-lisp/ros/miro2_msg/msg/priority_peak.lisp
Symlinking /home/joel/pkgs/mdk-230105/catkin_ws/devel/share/common-lisp/ros/miro2_msg/msg/sensors_package.lisp
Symlinking /home/joel/pkgs/mdk-230105/catkin_ws/devel/share/common-lisp/ros/miro2_msg/msg/_package_affect_adjust.lisp
Symlinking /home/joel/pkgs/mdk-230105/catkin_ws/devel/share/common-lisp/ros/miro2_msg/msg/_package_priority_peak.lisp
Symlinking /home/joel/pkgs/mdk-230105/catkin_ws/devel/share/roseus/ros/miro2_msg/manifest.l
Symlinking /home/joel/pkgs/mdk-230105/catkin_ws/devel/share/roseus/ros/miro2_msg/msg/adjust.l
Symlinking /home/joel/pkgs/mdk-230105/catkin_ws/devel/share/roseus/ros/miro2_msg/msg/push.l
Symlinking /home/joel/pkgs/mdk-230105/catkin_ws/devel/share/roseus/ros/miro2_msg/msg/objects.l
Symlinking /home/joel/pkgs/mdk-230105/catkin_ws/devel/share/roseus/ros/miro2_msg/msg/img_annotation.l
Symlinking /home/joel/pkgs/mdk-230105/catkin_ws/devel/share/roseus/ros/miro2_msg/msg/object_ball.l
Symlinking /home/joel/pkgs/mdk-230105/catkin_ws/devel/share/roseus/ros/miro2_msg/msg/object_tag.l
Symlinking /home/joel/pkgs/mdk-230105/catkin_ws/devel/share/roseus/ros/miro2_msg/msg/affect_adjust.l
Symlinking /home/joel/pkgs/mdk-230105/catkin_ws/devel/share/roseus/ros/miro2_msg/msg/sleep_adjust.l
Symlinking /home/joel/pkgs/mdk-230105/catkin_ws/devel/share/roseus/ros/miro2_msg/msg/priority_peak.l
Symlinking /home/joel/pkgs/mdk-230105/catkin_ws/devel/share/roseus/ros/miro2_msg/msg/affect.l
Symlinking /home/joel/pkgs/mdk-230105/catkin_ws/devel/share/roseus/ros/miro2_msg/msg/animal_adjust.l
Symlinking /home/joel/pkgs/mdk-230105/catkin_ws/devel/share/roseus/ros/miro2_msg/msg/sleep.l
Symlinking /home/joel/pkgs/mdk-230105/catkin_ws/devel/share/roseus/ros/miro2_msg/msg/funnel_web.l
Symlinking /home/joel/pkgs/mdk-230105/catkin_ws/devel/share/roseus/ros/miro2_msg/msg/animal_state.l
Symlinking /home/joel/pkgs/mdk-230105/catkin_ws/devel/share/roseus/ros/miro2_msg/msg/sensors_package.l
Symlinking /home/joel/pkgs/mdk-230105/catkin_ws/devel/share/roseus/ros/miro2_msg/msg/voice_state.l
Symlinking /home/joel/pkgs/mdk-230105/catkin_ws/devel/share/roseus/ros/miro2_msg/msg/BatteryState.l
Symlinking /home/joel/pkgs/mdk-230105/catkin_ws/devel/share/roseus/ros/miro2_msg/msg/object_face.l
Symlinking /home/joel/pkgs/mdk-230105/catkin_ws/devel/share/miro2_msg/cmake/miro2_msg-msg-extras.cmake
Symlinking /home/joel/pkgs/mdk-230105/catkin_ws/devel/share/miro2_msg/cmake/miro2_msgConfig.cmake
Symlinking /home/joel/pkgs/mdk-230105/catkin_ws/devel/share/miro2_msg/cmake/miro2_msg-msg-paths.cmake
Symlinking /home/joel/pkgs/mdk-230105/catkin_ws/devel/share/miro2_msg/cmake/miro2_msgConfig-version.cmake
Symlinking /home/joel/pkgs/mdk-230105/catkin_ws/devel/include/miro2_msg/animal_state.h
Symlinking /home/joel/pkgs/mdk-230105/catkin_ws/devel/include/miro2_msg/animal_adjust.h
Symlinking /home/joel/pkgs/mdk-230105/catkin_ws/devel/include/miro2_msg/objects.h
Symlinking /home/joel/pkgs/mdk-230105/catkin_ws/devel/include/miro2_msg/sleep_adjust.h
Symlinking /home/joel/pkgs/mdk-230105/catkin_ws/devel/include/miro2_msg/sensors_package.h
Symlinking /home/joel/pkgs/mdk-230105/catkin_ws/devel/include/miro2_msg/voice_state.h
Symlinking /home/joel/pkgs/mdk-230105/catkin_ws/devel/include/miro2_msg/affect.h
Symlinking /home/joel/pkgs/mdk-230105/catkin_ws/devel/include/miro2_msg/object_ball.h
Symlinking /home/joel/pkgs/mdk-230105/catkin_ws/devel/include/miro2_msg/object_face.h
Symlinking /home/joel/pkgs/mdk-230105/catkin_ws/devel/include/miro2_msg/BatteryState.h
Symlinking /home/joel/pkgs/mdk-230105/catkin_ws/devel/include/miro2_msg/priority_peak.h
Symlinking /home/joel/pkgs/mdk-230105/catkin_ws/devel/include/miro2_msg/affect_adjust.h
Symlinking /home/joel/pkgs/mdk-230105/catkin_ws/devel/include/miro2_msg/adjust.h
Symlinking /home/joel/pkgs/mdk-230105/catkin_ws/devel/include/miro2_msg/img_annotation.h
Symlinking /home/joel/pkgs/mdk-230105/catkin_ws/devel/include/miro2_msg/sleep.h
Symlinking /home/joel/pkgs/mdk-230105/catkin_ws/devel/include/miro2_msg/funnel_web.h
Symlinking /home/joel/pkgs/mdk-230105/catkin_ws/devel/include/miro2_msg/push.h
Symlinking /home/joel/pkgs/mdk-230105/catkin_ws/devel/include/miro2_msg/object_tag.h
Symlinking /home/joel/pkgs/mdk-230105/catkin_ws/devel/lib/python3/dist-packages/miro2_msg/__init__.py
Symlinking /home/joel/pkgs/mdk-230105/catkin_ws/devel/lib/python3/dist-packages/miro2_msg/msg/_animal_state.py
Symlinking /home/joel/pkgs/mdk-230105/catkin_ws/devel/lib/python3/dist-packages/miro2_msg/msg/__init__.py
Symlinking /home/joel/pkgs/mdk-230105/catkin_ws/devel/lib/python3/dist-packages/miro2_msg/msg/_voice_state.py
Symlinking /home/joel/pkgs/mdk-230105/catkin_ws/devel/lib/python3/dist-packages/miro2_msg/msg/_adjust.py
Symlinking /home/joel/pkgs/mdk-230105/catkin_ws/devel/lib/python3/dist-packages/miro2_msg/msg/_sleep_adjust.py
Symlinking /home/joel/pkgs/mdk-230105/catkin_ws/devel/lib/python3/dist-packages/miro2_msg/msg/_objects.py
Symlinking /home/joel/pkgs/mdk-230105/catkin_ws/devel/lib/python3/dist-packages/miro2_msg/msg/_object_face.py
Symlinking /home/joel/pkgs/mdk-230105/catkin_ws/devel/lib/python3/dist-packages/miro2_msg/msg/_sleep.py
Symlinking /home/joel/pkgs/mdk-230105/catkin_ws/devel/lib/python3/dist-packages/miro2_msg/msg/_affect_adjust.py
Symlinking /home/joel/pkgs/mdk-230105/catkin_ws/devel/lib/python3/dist-packages/miro2_msg/msg/_affect.py
Symlinking /home/joel/pkgs/mdk-230105/catkin_ws/devel/lib/python3/dist-packages/miro2_msg/msg/_img_annotation.py
Symlinking /home/joel/pkgs/mdk-230105/catkin_ws/devel/lib/python3/dist-packages/miro2_msg/msg/_push.py
Symlinking /home/joel/pkgs/mdk-230105/catkin_ws/devel/lib/python3/dist-packages/miro2_msg/msg/_animal_adjust.py
Symlinking /home/joel/pkgs/mdk-230105/catkin_ws/devel/lib/python3/dist-packages/miro2_msg/msg/_BatteryState.py
Symlinking /home/joel/pkgs/mdk-230105/catkin_ws/devel/lib/python3/dist-packages/miro2_msg/msg/_funnel_web.py
Symlinking /home/joel/pkgs/mdk-230105/catkin_ws/devel/lib/python3/dist-packages/miro2_msg/msg/_object_ball.py
Symlinking /home/joel/pkgs/mdk-230105/catkin_ws/devel/lib/python3/dist-packages/miro2_msg/msg/_sensors_package.py
Symlinking /home/joel/pkgs/mdk-230105/catkin_ws/devel/lib/python3/dist-packages/miro2_msg/msg/_priority_peak.py
Symlinking /home/joel/pkgs/mdk-230105/catkin_ws/devel/lib/python3/dist-packages/miro2_msg/msg/_object_tag.py
Symlinking /home/joel/pkgs/mdk-230105/catkin_ws/devel/lib/pkgconfig/miro2_msg.pc
