[  0%] Built target geometry_msgs_generate_messages_lisp
[  0%] Built target nav_msgs_generate_messages_lisp
[  0%] Built target std_msgs_generate_messages_lisp
[  0%] Built target sensor_msgs_generate_messages_lisp
[  0%] Built target _miro2_msg_generate_messages_check_deps_img_annotation
[  0%] Built target _miro2_msg_generate_messages_check_deps_object_ball
[  0%] Built target _miro2_msg_generate_messages_check_deps_affect_adjust
[  0%] Built target _miro2_msg_generate_messages_check_deps_object_face
[  0%] Built target _miro2_msg_generate_messages_check_deps_BatteryState
[  0%] Built target _miro2_msg_generate_messages_check_deps_voice_state
[  0%] Built target _miro2_msg_generate_messages_check_deps_affect
[  0%] Built target _miro2_msg_generate_messages_check_deps_push
[  0%] Built target _miro2_msg_generate_messages_check_deps_adjust
[  0%] Built target _miro2_msg_generate_messages_check_deps_object_tag
[  0%] Built target _miro2_msg_generate_messages_check_deps_animal_adjust
[  0%] Built target _miro2_msg_generate_messages_check_deps_funnel_web
[  0%] Built target _miro2_msg_generate_messages_check_deps_animal_state
[  0%] Built target _miro2_msg_generate_messages_check_deps_objects
[  0%] Built target _miro2_msg_generate_messages_check_deps_sleep
[  0%] Built target std_msgs_generate_messages_nodejs
[  0%] Built target geometry_msgs_generate_messages_nodejs
[  0%] Built target geometry_msgs_generate_messages_py
[  0%] Built target sensor_msgs_generate_messages_py
[  0%] Built target std_msgs_generate_messages_py
[  0%] Built target nav_msgs_generate_messages_py
[  0%] Built target nav_msgs_generate_messages_nodejs
[  0%] Built target sensor_msgs_generate_messages_nodejs
[  0%] Built target std_msgs_generate_messages_cpp
[  0%] Built target geometry_msgs_generate_messages_eus
[  0%] Built target sensor_msgs_generate_messages_cpp
[  0%] Built target sensor_msgs_generate_messages_eus
[  0%] Built target nav_msgs_generate_messages_cpp
[  0%] Built target geometry_msgs_generate_messages_cpp
[  0%] Built target nav_msgs_generate_messages_eus
[  0%] Built target std_msgs_generate_messages_eus
[  0%] Built target _miro2_msg_generate_messages_check_deps_sleep_adjust
[  0%] Built target _miro2_msg_generate_messages_check_deps_priority_peak
[  0%] Built target _miro2_msg_generate_messages_check_deps_sensors_package
[ 94%] Built target miro2_msg_generate_messages_lisp
[ 96%] Built target miro2_msg_generate_messages_nodejs
[ 98%] Built target miro2_msg_generate_messages_py
[ 98%] Built target miro2_msg_generate_messages_cpp
[100%] Built target miro2_msg_generate_messages_eus
[100%] Built target miro2_msg_generate_messages
