Linked: (/home/joel/pkgs/mdk-230105/catkin_ws/devel/.private/miro2_msg/share/gennodejs/ros/miro2_msg/_index.js, /home/joel/pkgs/mdk-230105/catkin_ws/devel/share/gennodejs/ros/miro2_msg/_index.js)
Linked: (/home/joel/pkgs/mdk-230105/catkin_ws/devel/.private/miro2_msg/share/gennodejs/ros/miro2_msg/msg/affect.js, /home/joel/pkgs/mdk-230105/catkin_ws/devel/share/gennodejs/ros/miro2_msg/msg/affect.js)
Linked: (/home/joel/pkgs/mdk-230105/catkin_ws/devel/.private/miro2_msg/share/gennodejs/ros/miro2_msg/msg/objects.js, /home/joel/pkgs/mdk-230105/catkin_ws/devel/share/gennodejs/ros/miro2_msg/msg/objects.js)
Linked: (/home/joel/pkgs/mdk-230105/catkin_ws/devel/.private/miro2_msg/share/gennodejs/ros/miro2_msg/msg/img_annotation.js, /home/joel/pkgs/mdk-230105/catkin_ws/devel/share/gennodejs/ros/miro2_msg/msg/img_annotation.js)
Linked: (/home/joel/pkgs/mdk-230105/catkin_ws/devel/.private/miro2_msg/share/gennodejs/ros/miro2_msg/msg/sleep.js, /home/joel/pkgs/mdk-230105/catkin_ws/devel/share/gennodejs/ros/miro2_msg/msg/sleep.js)
Linked: (/home/joel/pkgs/mdk-230105/catkin_ws/devel/.private/miro2_msg/share/gennodejs/ros/miro2_msg/msg/priority_peak.js, /home/joel/pkgs/mdk-230105/catkin_ws/devel/share/gennodejs/ros/miro2_msg/msg/priority_peak.js)
Linked: (/home/joel/pkgs/mdk-230105/catkin_ws/devel/.private/miro2_msg/share/gennodejs/ros/miro2_msg/msg/object_face.js, /home/joel/pkgs/mdk-230105/catkin_ws/devel/share/gennodejs/ros/miro2_msg/msg/object_face.js)
Linked: (/home/joel/pkgs/mdk-230105/catkin_ws/devel/.private/miro2_msg/share/gennodejs/ros/miro2_msg/msg/adjust.js, /home/joel/pkgs/mdk-230105/catkin_ws/devel/share/gennodejs/ros/miro2_msg/msg/adjust.js)
Linked: (/home/joel/pkgs/mdk-230105/catkin_ws/devel/.private/miro2_msg/share/gennodejs/ros/miro2_msg/msg/_index.js, /home/joel/pkgs/mdk-230105/catkin_ws/devel/share/gennodejs/ros/miro2_msg/msg/_index.js)
Linked: (/home/joel/pkgs/mdk-230105/catkin_ws/devel/.private/miro2_msg/share/gennodejs/ros/miro2_msg/msg/sleep_adjust.js, /home/joel/pkgs/mdk-230105/catkin_ws/devel/share/gennodejs/ros/miro2_msg/msg/sleep_adjust.js)
Linked: (/home/joel/pkgs/mdk-230105/catkin_ws/devel/.private/miro2_msg/share/gennodejs/ros/miro2_msg/msg/BatteryState.js, /home/joel/pkgs/mdk-230105/catkin_ws/devel/share/gennodejs/ros/miro2_msg/msg/BatteryState.js)
Linked: (/home/joel/pkgs/mdk-230105/catkin_ws/devel/.private/miro2_msg/share/gennodejs/ros/miro2_msg/msg/animal_state.js, /home/joel/pkgs/mdk-230105/catkin_ws/devel/share/gennodejs/ros/miro2_msg/msg/animal_state.js)
Linked: (/home/joel/pkgs/mdk-230105/catkin_ws/devel/.private/miro2_msg/share/gennodejs/ros/miro2_msg/msg/funnel_web.js, /home/joel/pkgs/mdk-230105/catkin_ws/devel/share/gennodejs/ros/miro2_msg/msg/funnel_web.js)
Linked: (/home/joel/pkgs/mdk-230105/catkin_ws/devel/.private/miro2_msg/share/gennodejs/ros/miro2_msg/msg/voice_state.js, /home/joel/pkgs/mdk-230105/catkin_ws/devel/share/gennodejs/ros/miro2_msg/msg/voice_state.js)
Linked: (/home/joel/pkgs/mdk-230105/catkin_ws/devel/.private/miro2_msg/share/gennodejs/ros/miro2_msg/msg/push.js, /home/joel/pkgs/mdk-230105/catkin_ws/devel/share/gennodejs/ros/miro2_msg/msg/push.js)
Linked: (/home/joel/pkgs/mdk-230105/catkin_ws/devel/.private/miro2_msg/share/gennodejs/ros/miro2_msg/msg/affect_adjust.js, /home/joel/pkgs/mdk-230105/catkin_ws/devel/share/gennodejs/ros/miro2_msg/msg/affect_adjust.js)
Linked: (/home/joel/pkgs/mdk-230105/catkin_ws/devel/.private/miro2_msg/share/gennodejs/ros/miro2_msg/msg/sensors_package.js, /home/joel/pkgs/mdk-230105/catkin_ws/devel/share/gennodejs/ros/miro2_msg/msg/sensors_package.js)
Linked: (/home/joel/pkgs/mdk-230105/catkin_ws/devel/.private/miro2_msg/share/gennodejs/ros/miro2_msg/msg/object_tag.js, /home/joel/pkgs/mdk-230105/catkin_ws/devel/share/gennodejs/ros/miro2_msg/msg/object_tag.js)
Linked: (/home/joel/pkgs/mdk-230105/catkin_ws/devel/.private/miro2_msg/share/gennodejs/ros/miro2_msg/msg/object_ball.js, /home/joel/pkgs/mdk-230105/catkin_ws/devel/share/gennodejs/ros/miro2_msg/msg/object_ball.js)
Linked: (/home/joel/pkgs/mdk-230105/catkin_ws/devel/.private/miro2_msg/share/gennodejs/ros/miro2_msg/msg/animal_adjust.js, /home/joel/pkgs/mdk-230105/catkin_ws/devel/share/gennodejs/ros/miro2_msg/msg/animal_adjust.js)
Linked: (/home/joel/pkgs/mdk-230105/catkin_ws/devel/.private/miro2_msg/share/common-lisp/ros/miro2_msg/msg/object_ball.lisp, /home/joel/pkgs/mdk-230105/catkin_ws/devel/share/common-lisp/ros/miro2_msg/msg/object_ball.lisp)
Linked: (/home/joel/pkgs/mdk-230105/catkin_ws/devel/.private/miro2_msg/share/common-lisp/ros/miro2_msg/msg/_package_affect.lisp, /home/joel/pkgs/mdk-230105/catkin_ws/devel/share/common-lisp/ros/miro2_msg/msg/_package_affect.lisp)
Linked: (/home/joel/pkgs/mdk-230105/catkin_ws/devel/.private/miro2_msg/share/common-lisp/ros/miro2_msg/msg/voice_state.lisp, /home/joel/pkgs/mdk-230105/catkin_ws/devel/share/common-lisp/ros/miro2_msg/msg/voice_state.lisp)
Linked: (/home/joel/pkgs/mdk-230105/catkin_ws/devel/.private/miro2_msg/share/common-lisp/ros/miro2_msg/msg/_package_sensors_package.lisp, /home/joel/pkgs/mdk-230105/catkin_ws/devel/share/common-lisp/ros/miro2_msg/msg/_package_sensors_package.lisp)
Linked: (/home/joel/pkgs/mdk-230105/catkin_ws/devel/.private/miro2_msg/share/common-lisp/ros/miro2_msg/msg/_package_funnel_web.lisp, /home/joel/pkgs/mdk-230105/catkin_ws/devel/share/common-lisp/ros/miro2_msg/msg/_package_funnel_web.lisp)
Linked: (/home/joel/pkgs/mdk-230105/catkin_ws/devel/.private/miro2_msg/share/common-lisp/ros/miro2_msg/msg/_package_sleep_adjust.lisp, /home/joel/pkgs/mdk-230105/catkin_ws/devel/share/common-lisp/ros/miro2_msg/msg/_package_sleep_adjust.lisp)
Linked: (/home/joel/pkgs/mdk-230105/catkin_ws/devel/.private/miro2_msg/share/common-lisp/ros/miro2_msg/msg/BatteryState.lisp, /home/joel/pkgs/mdk-230105/catkin_ws/devel/share/common-lisp/ros/miro2_msg/msg/BatteryState.lisp)
Linked: (/home/joel/pkgs/mdk-230105/catkin_ws/devel/.private/miro2_msg/share/common-lisp/ros/miro2_msg/msg/_package_BatteryState.lisp, /home/joel/pkgs/mdk-230105/catkin_ws/devel/share/common-lisp/ros/miro2_msg/msg/_package_BatteryState.lisp)
Linked: (/home/joel/pkgs/mdk-230105/catkin_ws/devel/.private/miro2_msg/share/common-lisp/ros/miro2_msg/msg/_package.lisp, /home/joel/pkgs/mdk-230105/catkin_ws/devel/share/common-lisp/ros/miro2_msg/msg/_package.lisp)
Linked: (/home/joel/pkgs/mdk-230105/catkin_ws/devel/.private/miro2_msg/share/common-lisp/ros/miro2_msg/msg/_package_animal_adjust.lisp, /home/joel/pkgs/mdk-230105/catkin_ws/devel/share/common-lisp/ros/miro2_msg/msg/_package_animal_adjust.lisp)
Linked: (/home/joel/pkgs/mdk-230105/catkin_ws/devel/.private/miro2_msg/share/common-lisp/ros/miro2_msg/msg/object_face.lisp, /home/joel/pkgs/mdk-230105/catkin_ws/devel/share/common-lisp/ros/miro2_msg/msg/object_face.lisp)
Linked: (/home/joel/pkgs/mdk-230105/catkin_ws/devel/.private/miro2_msg/share/common-lisp/ros/miro2_msg/msg/object_tag.lisp, /home/joel/pkgs/mdk-230105/catkin_ws/devel/share/common-lisp/ros/miro2_msg/msg/object_tag.lisp)
Linked: (/home/joel/pkgs/mdk-230105/catkin_ws/devel/.private/miro2_msg/share/common-lisp/ros/miro2_msg/msg/_package_objects.lisp, /home/joel/pkgs/mdk-230105/catkin_ws/devel/share/common-lisp/ros/miro2_msg/msg/_package_objects.lisp)
Linked: (/home/joel/pkgs/mdk-230105/catkin_ws/devel/.private/miro2_msg/share/common-lisp/ros/miro2_msg/msg/push.lisp, /home/joel/pkgs/mdk-230105/catkin_ws/devel/share/common-lisp/ros/miro2_msg/msg/push.lisp)
Linked: (/home/joel/pkgs/mdk-230105/catkin_ws/devel/.private/miro2_msg/share/common-lisp/ros/miro2_msg/msg/funnel_web.lisp, /home/joel/pkgs/mdk-230105/catkin_ws/devel/share/common-lisp/ros/miro2_msg/msg/funnel_web.lisp)
Linked: (/home/joel/pkgs/mdk-230105/catkin_ws/devel/.private/miro2_msg/share/common-lisp/ros/miro2_msg/msg/_package_sleep.lisp, /home/joel/pkgs/mdk-230105/catkin_ws/devel/share/common-lisp/ros/miro2_msg/msg/_package_sleep.lisp)
Linked: (/home/joel/pkgs/mdk-230105/catkin_ws/devel/.private/miro2_msg/share/common-lisp/ros/miro2_msg/msg/_package_object_tag.lisp, /home/joel/pkgs/mdk-230105/catkin_ws/devel/share/common-lisp/ros/miro2_msg/msg/_package_object_tag.lisp)
Linked: (/home/joel/pkgs/mdk-230105/catkin_ws/devel/.private/miro2_msg/share/common-lisp/ros/miro2_msg/msg/_package_voice_state.lisp, /home/joel/pkgs/mdk-230105/catkin_ws/devel/share/common-lisp/ros/miro2_msg/msg/_package_voice_state.lisp)
Linked: (/home/joel/pkgs/mdk-230105/catkin_ws/devel/.private/miro2_msg/share/common-lisp/ros/miro2_msg/msg/_package_animal_state.lisp, /home/joel/pkgs/mdk-230105/catkin_ws/devel/share/common-lisp/ros/miro2_msg/msg/_package_animal_state.lisp)
Linked: (/home/joel/pkgs/mdk-230105/catkin_ws/devel/.private/miro2_msg/share/common-lisp/ros/miro2_msg/msg/animal_adjust.lisp, /home/joel/pkgs/mdk-230105/catkin_ws/devel/share/common-lisp/ros/miro2_msg/msg/animal_adjust.lisp)
Linked: (/home/joel/pkgs/mdk-230105/catkin_ws/devel/.private/miro2_msg/share/common-lisp/ros/miro2_msg/msg/_package_push.lisp, /home/joel/pkgs/mdk-230105/catkin_ws/devel/share/common-lisp/ros/miro2_msg/msg/_package_push.lisp)
Linked: (/home/joel/pkgs/mdk-230105/catkin_ws/devel/.private/miro2_msg/share/common-lisp/ros/miro2_msg/msg/affect.lisp, /home/joel/pkgs/mdk-230105/catkin_ws/devel/share/common-lisp/ros/miro2_msg/msg/affect.lisp)
Linked: (/home/joel/pkgs/mdk-230105/catkin_ws/devel/.private/miro2_msg/share/common-lisp/ros/miro2_msg/msg/_package_object_ball.lisp, /home/joel/pkgs/mdk-230105/catkin_ws/devel/share/common-lisp/ros/miro2_msg/msg/_package_object_ball.lisp)
Linked: (/home/joel/pkgs/mdk-230105/catkin_ws/devel/.private/miro2_msg/share/common-lisp/ros/miro2_msg/msg/sleep_adjust.lisp, /home/joel/pkgs/mdk-230105/catkin_ws/devel/share/common-lisp/ros/miro2_msg/msg/sleep_adjust.lisp)
Linked: (/home/joel/pkgs/mdk-230105/catkin_ws/devel/.private/miro2_msg/share/common-lisp/ros/miro2_msg/msg/sleep.lisp, /home/joel/pkgs/mdk-230105/catkin_ws/devel/share/common-lisp/ros/miro2_msg/msg/sleep.lisp)
Linked: (/home/joel/pkgs/mdk-230105/catkin_ws/devel/.private/miro2_msg/share/common-lisp/ros/miro2_msg/msg/_package_object_face.lisp, /home/joel/pkgs/mdk-230105/catkin_ws/devel/share/common-lisp/ros/miro2_msg/msg/_package_object_face.lisp)
Linked: (/home/joel/pkgs/mdk-230105/catkin_ws/devel/.private/miro2_msg/share/common-lisp/ros/miro2_msg/msg/objects.lisp, /home/joel/pkgs/mdk-230105/catkin_ws/devel/share/common-lisp/ros/miro2_msg/msg/objects.lisp)
Linked: (/home/joel/pkgs/mdk-230105/catkin_ws/devel/.private/miro2_msg/share/common-lisp/ros/miro2_msg/msg/img_annotation.lisp, /home/joel/pkgs/mdk-230105/catkin_ws/devel/share/common-lisp/ros/miro2_msg/msg/img_annotation.lisp)
Linked: (/home/joel/pkgs/mdk-230105/catkin_ws/devel/.private/miro2_msg/share/common-lisp/ros/miro2_msg/msg/affect_adjust.lisp, /home/joel/pkgs/mdk-230105/catkin_ws/devel/share/common-lisp/ros/miro2_msg/msg/affect_adjust.lisp)
Linked: (/home/joel/pkgs/mdk-230105/catkin_ws/devel/.private/miro2_msg/share/common-lisp/ros/miro2_msg/msg/_package_img_annotation.lisp, /home/joel/pkgs/mdk-230105/catkin_ws/devel/share/common-lisp/ros/miro2_msg/msg/_package_img_annotation.lisp)
Linked: (/home/joel/pkgs/mdk-230105/catkin_ws/devel/.private/miro2_msg/share/common-lisp/ros/miro2_msg/msg/adjust.lisp, /home/joel/pkgs/mdk-230105/catkin_ws/devel/share/common-lisp/ros/miro2_msg/msg/adjust.lisp)
Linked: (/home/joel/pkgs/mdk-230105/catkin_ws/devel/.private/miro2_msg/share/common-lisp/ros/miro2_msg/msg/animal_state.lisp, /home/joel/pkgs/mdk-230105/catkin_ws/devel/share/common-lisp/ros/miro2_msg/msg/animal_state.lisp)
Linked: (/home/joel/pkgs/mdk-230105/catkin_ws/devel/.private/miro2_msg/share/common-lisp/ros/miro2_msg/msg/miro2_msg-msg.asd, /home/joel/pkgs/mdk-230105/catkin_ws/devel/share/common-lisp/ros/miro2_msg/msg/miro2_msg-msg.asd)
Linked: (/home/joel/pkgs/mdk-230105/catkin_ws/devel/.private/miro2_msg/share/common-lisp/ros/miro2_msg/msg/_package_adjust.lisp, /home/joel/pkgs/mdk-230105/catkin_ws/devel/share/common-lisp/ros/miro2_msg/msg/_package_adjust.lisp)
Linked: (/home/joel/pkgs/mdk-230105/catkin_ws/devel/.private/miro2_msg/share/common-lisp/ros/miro2_msg/msg/priority_peak.lisp, /home/joel/pkgs/mdk-230105/catkin_ws/devel/share/common-lisp/ros/miro2_msg/msg/priority_peak.lisp)
Linked: (/home/joel/pkgs/mdk-230105/catkin_ws/devel/.private/miro2_msg/share/common-lisp/ros/miro2_msg/msg/sensors_package.lisp, /home/joel/pkgs/mdk-230105/catkin_ws/devel/share/common-lisp/ros/miro2_msg/msg/sensors_package.lisp)
Linked: (/home/joel/pkgs/mdk-230105/catkin_ws/devel/.private/miro2_msg/share/common-lisp/ros/miro2_msg/msg/_package_affect_adjust.lisp, /home/joel/pkgs/mdk-230105/catkin_ws/devel/share/common-lisp/ros/miro2_msg/msg/_package_affect_adjust.lisp)
Linked: (/home/joel/pkgs/mdk-230105/catkin_ws/devel/.private/miro2_msg/share/common-lisp/ros/miro2_msg/msg/_package_priority_peak.lisp, /home/joel/pkgs/mdk-230105/catkin_ws/devel/share/common-lisp/ros/miro2_msg/msg/_package_priority_peak.lisp)
Linked: (/home/joel/pkgs/mdk-230105/catkin_ws/devel/.private/miro2_msg/share/roseus/ros/miro2_msg/manifest.l, /home/joel/pkgs/mdk-230105/catkin_ws/devel/share/roseus/ros/miro2_msg/manifest.l)
Linked: (/home/joel/pkgs/mdk-230105/catkin_ws/devel/.private/miro2_msg/share/roseus/ros/miro2_msg/msg/adjust.l, /home/joel/pkgs/mdk-230105/catkin_ws/devel/share/roseus/ros/miro2_msg/msg/adjust.l)
Linked: (/home/joel/pkgs/mdk-230105/catkin_ws/devel/.private/miro2_msg/share/roseus/ros/miro2_msg/msg/push.l, /home/joel/pkgs/mdk-230105/catkin_ws/devel/share/roseus/ros/miro2_msg/msg/push.l)
Linked: (/home/joel/pkgs/mdk-230105/catkin_ws/devel/.private/miro2_msg/share/roseus/ros/miro2_msg/msg/objects.l, /home/joel/pkgs/mdk-230105/catkin_ws/devel/share/roseus/ros/miro2_msg/msg/objects.l)
Linked: (/home/joel/pkgs/mdk-230105/catkin_ws/devel/.private/miro2_msg/share/roseus/ros/miro2_msg/msg/img_annotation.l, /home/joel/pkgs/mdk-230105/catkin_ws/devel/share/roseus/ros/miro2_msg/msg/img_annotation.l)
Linked: (/home/joel/pkgs/mdk-230105/catkin_ws/devel/.private/miro2_msg/share/roseus/ros/miro2_msg/msg/object_ball.l, /home/joel/pkgs/mdk-230105/catkin_ws/devel/share/roseus/ros/miro2_msg/msg/object_ball.l)
Linked: (/home/joel/pkgs/mdk-230105/catkin_ws/devel/.private/miro2_msg/share/roseus/ros/miro2_msg/msg/object_tag.l, /home/joel/pkgs/mdk-230105/catkin_ws/devel/share/roseus/ros/miro2_msg/msg/object_tag.l)
Linked: (/home/joel/pkgs/mdk-230105/catkin_ws/devel/.private/miro2_msg/share/roseus/ros/miro2_msg/msg/affect_adjust.l, /home/joel/pkgs/mdk-230105/catkin_ws/devel/share/roseus/ros/miro2_msg/msg/affect_adjust.l)
Linked: (/home/joel/pkgs/mdk-230105/catkin_ws/devel/.private/miro2_msg/share/roseus/ros/miro2_msg/msg/sleep_adjust.l, /home/joel/pkgs/mdk-230105/catkin_ws/devel/share/roseus/ros/miro2_msg/msg/sleep_adjust.l)
Linked: (/home/joel/pkgs/mdk-230105/catkin_ws/devel/.private/miro2_msg/share/roseus/ros/miro2_msg/msg/priority_peak.l, /home/joel/pkgs/mdk-230105/catkin_ws/devel/share/roseus/ros/miro2_msg/msg/priority_peak.l)
Linked: (/home/joel/pkgs/mdk-230105/catkin_ws/devel/.private/miro2_msg/share/roseus/ros/miro2_msg/msg/affect.l, /home/joel/pkgs/mdk-230105/catkin_ws/devel/share/roseus/ros/miro2_msg/msg/affect.l)
Linked: (/home/joel/pkgs/mdk-230105/catkin_ws/devel/.private/miro2_msg/share/roseus/ros/miro2_msg/msg/animal_adjust.l, /home/joel/pkgs/mdk-230105/catkin_ws/devel/share/roseus/ros/miro2_msg/msg/animal_adjust.l)
Linked: (/home/joel/pkgs/mdk-230105/catkin_ws/devel/.private/miro2_msg/share/roseus/ros/miro2_msg/msg/sleep.l, /home/joel/pkgs/mdk-230105/catkin_ws/devel/share/roseus/ros/miro2_msg/msg/sleep.l)
Linked: (/home/joel/pkgs/mdk-230105/catkin_ws/devel/.private/miro2_msg/share/roseus/ros/miro2_msg/msg/funnel_web.l, /home/joel/pkgs/mdk-230105/catkin_ws/devel/share/roseus/ros/miro2_msg/msg/funnel_web.l)
Linked: (/home/joel/pkgs/mdk-230105/catkin_ws/devel/.private/miro2_msg/share/roseus/ros/miro2_msg/msg/animal_state.l, /home/joel/pkgs/mdk-230105/catkin_ws/devel/share/roseus/ros/miro2_msg/msg/animal_state.l)
Linked: (/home/joel/pkgs/mdk-230105/catkin_ws/devel/.private/miro2_msg/share/roseus/ros/miro2_msg/msg/sensors_package.l, /home/joel/pkgs/mdk-230105/catkin_ws/devel/share/roseus/ros/miro2_msg/msg/sensors_package.l)
Linked: (/home/joel/pkgs/mdk-230105/catkin_ws/devel/.private/miro2_msg/share/roseus/ros/miro2_msg/msg/voice_state.l, /home/joel/pkgs/mdk-230105/catkin_ws/devel/share/roseus/ros/miro2_msg/msg/voice_state.l)
Linked: (/home/joel/pkgs/mdk-230105/catkin_ws/devel/.private/miro2_msg/share/roseus/ros/miro2_msg/msg/BatteryState.l, /home/joel/pkgs/mdk-230105/catkin_ws/devel/share/roseus/ros/miro2_msg/msg/BatteryState.l)
Linked: (/home/joel/pkgs/mdk-230105/catkin_ws/devel/.private/miro2_msg/share/roseus/ros/miro2_msg/msg/object_face.l, /home/joel/pkgs/mdk-230105/catkin_ws/devel/share/roseus/ros/miro2_msg/msg/object_face.l)
Linked: (/home/joel/pkgs/mdk-230105/catkin_ws/devel/.private/miro2_msg/share/miro2_msg/cmake/miro2_msg-msg-extras.cmake, /home/joel/pkgs/mdk-230105/catkin_ws/devel/share/miro2_msg/cmake/miro2_msg-msg-extras.cmake)
Linked: (/home/joel/pkgs/mdk-230105/catkin_ws/devel/.private/miro2_msg/share/miro2_msg/cmake/miro2_msgConfig.cmake, /home/joel/pkgs/mdk-230105/catkin_ws/devel/share/miro2_msg/cmake/miro2_msgConfig.cmake)
Linked: (/home/joel/pkgs/mdk-230105/catkin_ws/devel/.private/miro2_msg/share/miro2_msg/cmake/miro2_msg-msg-paths.cmake, /home/joel/pkgs/mdk-230105/catkin_ws/devel/share/miro2_msg/cmake/miro2_msg-msg-paths.cmake)
Linked: (/home/joel/pkgs/mdk-230105/catkin_ws/devel/.private/miro2_msg/share/miro2_msg/cmake/miro2_msgConfig-version.cmake, /home/joel/pkgs/mdk-230105/catkin_ws/devel/share/miro2_msg/cmake/miro2_msgConfig-version.cmake)
Linked: (/home/joel/pkgs/mdk-230105/catkin_ws/devel/.private/miro2_msg/include/miro2_msg/animal_state.h, /home/joel/pkgs/mdk-230105/catkin_ws/devel/include/miro2_msg/animal_state.h)
Linked: (/home/joel/pkgs/mdk-230105/catkin_ws/devel/.private/miro2_msg/include/miro2_msg/animal_adjust.h, /home/joel/pkgs/mdk-230105/catkin_ws/devel/include/miro2_msg/animal_adjust.h)
Linked: (/home/joel/pkgs/mdk-230105/catkin_ws/devel/.private/miro2_msg/include/miro2_msg/objects.h, /home/joel/pkgs/mdk-230105/catkin_ws/devel/include/miro2_msg/objects.h)
Linked: (/home/joel/pkgs/mdk-230105/catkin_ws/devel/.private/miro2_msg/include/miro2_msg/sleep_adjust.h, /home/joel/pkgs/mdk-230105/catkin_ws/devel/include/miro2_msg/sleep_adjust.h)
Linked: (/home/joel/pkgs/mdk-230105/catkin_ws/devel/.private/miro2_msg/include/miro2_msg/sensors_package.h, /home/joel/pkgs/mdk-230105/catkin_ws/devel/include/miro2_msg/sensors_package.h)
Linked: (/home/joel/pkgs/mdk-230105/catkin_ws/devel/.private/miro2_msg/include/miro2_msg/voice_state.h, /home/joel/pkgs/mdk-230105/catkin_ws/devel/include/miro2_msg/voice_state.h)
Linked: (/home/joel/pkgs/mdk-230105/catkin_ws/devel/.private/miro2_msg/include/miro2_msg/affect.h, /home/joel/pkgs/mdk-230105/catkin_ws/devel/include/miro2_msg/affect.h)
Linked: (/home/joel/pkgs/mdk-230105/catkin_ws/devel/.private/miro2_msg/include/miro2_msg/object_ball.h, /home/joel/pkgs/mdk-230105/catkin_ws/devel/include/miro2_msg/object_ball.h)
Linked: (/home/joel/pkgs/mdk-230105/catkin_ws/devel/.private/miro2_msg/include/miro2_msg/object_face.h, /home/joel/pkgs/mdk-230105/catkin_ws/devel/include/miro2_msg/object_face.h)
Linked: (/home/joel/pkgs/mdk-230105/catkin_ws/devel/.private/miro2_msg/include/miro2_msg/BatteryState.h, /home/joel/pkgs/mdk-230105/catkin_ws/devel/include/miro2_msg/BatteryState.h)
Linked: (/home/joel/pkgs/mdk-230105/catkin_ws/devel/.private/miro2_msg/include/miro2_msg/priority_peak.h, /home/joel/pkgs/mdk-230105/catkin_ws/devel/include/miro2_msg/priority_peak.h)
Linked: (/home/joel/pkgs/mdk-230105/catkin_ws/devel/.private/miro2_msg/include/miro2_msg/affect_adjust.h, /home/joel/pkgs/mdk-230105/catkin_ws/devel/include/miro2_msg/affect_adjust.h)
Linked: (/home/joel/pkgs/mdk-230105/catkin_ws/devel/.private/miro2_msg/include/miro2_msg/adjust.h, /home/joel/pkgs/mdk-230105/catkin_ws/devel/include/miro2_msg/adjust.h)
Linked: (/home/joel/pkgs/mdk-230105/catkin_ws/devel/.private/miro2_msg/include/miro2_msg/img_annotation.h, /home/joel/pkgs/mdk-230105/catkin_ws/devel/include/miro2_msg/img_annotation.h)
Linked: (/home/joel/pkgs/mdk-230105/catkin_ws/devel/.private/miro2_msg/include/miro2_msg/sleep.h, /home/joel/pkgs/mdk-230105/catkin_ws/devel/include/miro2_msg/sleep.h)
Linked: (/home/joel/pkgs/mdk-230105/catkin_ws/devel/.private/miro2_msg/include/miro2_msg/funnel_web.h, /home/joel/pkgs/mdk-230105/catkin_ws/devel/include/miro2_msg/funnel_web.h)
Linked: (/home/joel/pkgs/mdk-230105/catkin_ws/devel/.private/miro2_msg/include/miro2_msg/push.h, /home/joel/pkgs/mdk-230105/catkin_ws/devel/include/miro2_msg/push.h)
Linked: (/home/joel/pkgs/mdk-230105/catkin_ws/devel/.private/miro2_msg/include/miro2_msg/object_tag.h, /home/joel/pkgs/mdk-230105/catkin_ws/devel/include/miro2_msg/object_tag.h)
Linked: (/home/joel/pkgs/mdk-230105/catkin_ws/devel/.private/miro2_msg/lib/python3/dist-packages/miro2_msg/__init__.py, /home/joel/pkgs/mdk-230105/catkin_ws/devel/lib/python3/dist-packages/miro2_msg/__init__.py)
Linked: (/home/joel/pkgs/mdk-230105/catkin_ws/devel/.private/miro2_msg/lib/python3/dist-packages/miro2_msg/msg/_animal_state.py, /home/joel/pkgs/mdk-230105/catkin_ws/devel/lib/python3/dist-packages/miro2_msg/msg/_animal_state.py)
Linked: (/home/joel/pkgs/mdk-230105/catkin_ws/devel/.private/miro2_msg/lib/python3/dist-packages/miro2_msg/msg/__init__.py, /home/joel/pkgs/mdk-230105/catkin_ws/devel/lib/python3/dist-packages/miro2_msg/msg/__init__.py)
Linked: (/home/joel/pkgs/mdk-230105/catkin_ws/devel/.private/miro2_msg/lib/python3/dist-packages/miro2_msg/msg/_voice_state.py, /home/joel/pkgs/mdk-230105/catkin_ws/devel/lib/python3/dist-packages/miro2_msg/msg/_voice_state.py)
Linked: (/home/joel/pkgs/mdk-230105/catkin_ws/devel/.private/miro2_msg/lib/python3/dist-packages/miro2_msg/msg/_adjust.py, /home/joel/pkgs/mdk-230105/catkin_ws/devel/lib/python3/dist-packages/miro2_msg/msg/_adjust.py)
Linked: (/home/joel/pkgs/mdk-230105/catkin_ws/devel/.private/miro2_msg/lib/python3/dist-packages/miro2_msg/msg/_sleep_adjust.py, /home/joel/pkgs/mdk-230105/catkin_ws/devel/lib/python3/dist-packages/miro2_msg/msg/_sleep_adjust.py)
Linked: (/home/joel/pkgs/mdk-230105/catkin_ws/devel/.private/miro2_msg/lib/python3/dist-packages/miro2_msg/msg/_objects.py, /home/joel/pkgs/mdk-230105/catkin_ws/devel/lib/python3/dist-packages/miro2_msg/msg/_objects.py)
Linked: (/home/joel/pkgs/mdk-230105/catkin_ws/devel/.private/miro2_msg/lib/python3/dist-packages/miro2_msg/msg/_object_face.py, /home/joel/pkgs/mdk-230105/catkin_ws/devel/lib/python3/dist-packages/miro2_msg/msg/_object_face.py)
Linked: (/home/joel/pkgs/mdk-230105/catkin_ws/devel/.private/miro2_msg/lib/python3/dist-packages/miro2_msg/msg/_sleep.py, /home/joel/pkgs/mdk-230105/catkin_ws/devel/lib/python3/dist-packages/miro2_msg/msg/_sleep.py)
Linked: (/home/joel/pkgs/mdk-230105/catkin_ws/devel/.private/miro2_msg/lib/python3/dist-packages/miro2_msg/msg/_affect_adjust.py, /home/joel/pkgs/mdk-230105/catkin_ws/devel/lib/python3/dist-packages/miro2_msg/msg/_affect_adjust.py)
Linked: (/home/joel/pkgs/mdk-230105/catkin_ws/devel/.private/miro2_msg/lib/python3/dist-packages/miro2_msg/msg/_affect.py, /home/joel/pkgs/mdk-230105/catkin_ws/devel/lib/python3/dist-packages/miro2_msg/msg/_affect.py)
Linked: (/home/joel/pkgs/mdk-230105/catkin_ws/devel/.private/miro2_msg/lib/python3/dist-packages/miro2_msg/msg/_img_annotation.py, /home/joel/pkgs/mdk-230105/catkin_ws/devel/lib/python3/dist-packages/miro2_msg/msg/_img_annotation.py)
Linked: (/home/joel/pkgs/mdk-230105/catkin_ws/devel/.private/miro2_msg/lib/python3/dist-packages/miro2_msg/msg/_push.py, /home/joel/pkgs/mdk-230105/catkin_ws/devel/lib/python3/dist-packages/miro2_msg/msg/_push.py)
Linked: (/home/joel/pkgs/mdk-230105/catkin_ws/devel/.private/miro2_msg/lib/python3/dist-packages/miro2_msg/msg/_animal_adjust.py, /home/joel/pkgs/mdk-230105/catkin_ws/devel/lib/python3/dist-packages/miro2_msg/msg/_animal_adjust.py)
Linked: (/home/joel/pkgs/mdk-230105/catkin_ws/devel/.private/miro2_msg/lib/python3/dist-packages/miro2_msg/msg/_BatteryState.py, /home/joel/pkgs/mdk-230105/catkin_ws/devel/lib/python3/dist-packages/miro2_msg/msg/_BatteryState.py)
Linked: (/home/joel/pkgs/mdk-230105/catkin_ws/devel/.private/miro2_msg/lib/python3/dist-packages/miro2_msg/msg/_funnel_web.py, /home/joel/pkgs/mdk-230105/catkin_ws/devel/lib/python3/dist-packages/miro2_msg/msg/_funnel_web.py)
Linked: (/home/joel/pkgs/mdk-230105/catkin_ws/devel/.private/miro2_msg/lib/python3/dist-packages/miro2_msg/msg/_object_ball.py, /home/joel/pkgs/mdk-230105/catkin_ws/devel/lib/python3/dist-packages/miro2_msg/msg/_object_ball.py)
Linked: (/home/joel/pkgs/mdk-230105/catkin_ws/devel/.private/miro2_msg/lib/python3/dist-packages/miro2_msg/msg/_sensors_package.py, /home/joel/pkgs/mdk-230105/catkin_ws/devel/lib/python3/dist-packages/miro2_msg/msg/_sensors_package.py)
Linked: (/home/joel/pkgs/mdk-230105/catkin_ws/devel/.private/miro2_msg/lib/python3/dist-packages/miro2_msg/msg/_priority_peak.py, /home/joel/pkgs/mdk-230105/catkin_ws/devel/lib/python3/dist-packages/miro2_msg/msg/_priority_peak.py)
Linked: (/home/joel/pkgs/mdk-230105/catkin_ws/devel/.private/miro2_msg/lib/python3/dist-packages/miro2_msg/msg/_object_tag.py, /home/joel/pkgs/mdk-230105/catkin_ws/devel/lib/python3/dist-packages/miro2_msg/msg/_object_tag.py)
Linked: (/home/joel/pkgs/mdk-230105/catkin_ws/devel/.private/miro2_msg/lib/pkgconfig/miro2_msg.pc, /home/joel/pkgs/mdk-230105/catkin_ws/devel/lib/pkgconfig/miro2_msg.pc)
