[35m[1mScanning dependencies of target _miro2_msg_generate_messages_check_deps_object_face[0m
[35m[1mScanning dependencies of target _miro2_msg_generate_messages_check_deps_BatteryState[0m
[35m[1mScanning dependencies of target _miro2_msg_generate_messages_check_deps_img_annotation[0m
[35m[1mScanning dependencies of target _miro2_msg_generate_messages_check_deps_voice_state[0m
[35m[1mScanning dependencies of target nav_msgs_generate_messages_lisp[0m
[35m[1mScanning dependencies of target _miro2_msg_generate_messages_check_deps_object_ball[0m
[35m[1mScanning dependencies of target _miro2_msg_generate_messages_check_deps_affect[0m
[35m[1mScanning dependencies of target sensor_msgs_generate_messages_lisp[0m
[35m[1mScanning dependencies of target _miro2_msg_generate_messages_check_deps_object_tag[0m
[35m[1mScanning dependencies of target _miro2_msg_generate_messages_check_deps_adjust[0m
[35m[1mScanning dependencies of target _miro2_msg_generate_messages_check_deps_affect_adjust[0m
[35m[1mScanning dependencies of target _miro2_msg_generate_messages_check_deps_push[0m
[35m[1mScanning dependencies of target _miro2_msg_generate_messages_check_deps_animal_adjust[0m
[35m[1mScanning dependencies of target _miro2_msg_generate_messages_check_deps_animal_state[0m
[35m[1mScanning dependencies of target geometry_msgs_generate_messages_lisp[0m
[35m[1mScanning dependencies of target std_msgs_generate_messages_lisp[0m
[  0%] Built target nav_msgs_generate_messages_lisp
[  0%] Built target sensor_msgs_generate_messages_lisp
[  0%] Built target geometry_msgs_generate_messages_lisp
[  0%] Built target std_msgs_generate_messages_lisp
[35m[1mScanning dependencies of target _miro2_msg_generate_messages_check_deps_sleep[0m
[35m[1mScanning dependencies of target _miro2_msg_generate_messages_check_deps_funnel_web[0m
[35m[1mScanning dependencies of target _miro2_msg_generate_messages_check_deps_objects[0m
[35m[1mScanning dependencies of target _miro2_msg_generate_messages_check_deps_priority_peak[0m
[  0%] Built target _miro2_msg_generate_messages_check_deps_object_face
[  0%] Built target _miro2_msg_generate_messages_check_deps_img_annotation
[  0%] Built target _miro2_msg_generate_messages_check_deps_affect
[  0%] Built target _miro2_msg_generate_messages_check_deps_object_ball
[  0%] Built target _miro2_msg_generate_messages_check_deps_object_tag
[  0%] Built target _miro2_msg_generate_messages_check_deps_voice_state
[  0%] Built target _miro2_msg_generate_messages_check_deps_BatteryState
[  0%] Built target _miro2_msg_generate_messages_check_deps_animal_adjust
[  0%] Built target _miro2_msg_generate_messages_check_deps_animal_state
[  0%] Built target _miro2_msg_generate_messages_check_deps_adjust
[  0%] Built target _miro2_msg_generate_messages_check_deps_affect_adjust
[  0%] Built target _miro2_msg_generate_messages_check_deps_push
[35m[1mScanning dependencies of target _miro2_msg_generate_messages_check_deps_sensors_package[0m
[35m[1mScanning dependencies of target std_msgs_generate_messages_nodejs[0m
[35m[1mScanning dependencies of target _miro2_msg_generate_messages_check_deps_sleep_adjust[0m
[35m[1mScanning dependencies of target nav_msgs_generate_messages_nodejs[0m
[35m[1mScanning dependencies of target geometry_msgs_generate_messages_nodejs[0m
[35m[1mScanning dependencies of target sensor_msgs_generate_messages_nodejs[0m
[35m[1mScanning dependencies of target sensor_msgs_generate_messages_py[0m
[35m[1mScanning dependencies of target geometry_msgs_generate_messages_py[0m
[35m[1mScanning dependencies of target nav_msgs_generate_messages_py[0m
[35m[1mScanning dependencies of target std_msgs_generate_messages_py[0m
[35m[1mScanning dependencies of target nav_msgs_generate_messages_cpp[0m
[35m[1mScanning dependencies of target geometry_msgs_generate_messages_cpp[0m
[  0%] Built target std_msgs_generate_messages_nodejs
[  0%] Built target geometry_msgs_generate_messages_nodejs
[  0%] Built target nav_msgs_generate_messages_nodejs
[  0%] Built target geometry_msgs_generate_messages_py
[  0%] Built target sensor_msgs_generate_messages_py
[  0%] Built target sensor_msgs_generate_messages_nodejs
[  0%] Built target _miro2_msg_generate_messages_check_deps_sleep
[  0%] Built target std_msgs_generate_messages_py
[  0%] Built target nav_msgs_generate_messages_py
[  0%] Built target nav_msgs_generate_messages_cpp
[  0%] Built target geometry_msgs_generate_messages_cpp
[  0%] Built target _miro2_msg_generate_messages_check_deps_funnel_web
[  0%] Built target _miro2_msg_generate_messages_check_deps_objects
[35m[1mScanning dependencies of target std_msgs_generate_messages_cpp[0m
[35m[1mScanning dependencies of target sensor_msgs_generate_messages_cpp[0m
[35m[1mScanning dependencies of target std_msgs_generate_messages_eus[0m
[  0%] Built target _miro2_msg_generate_messages_check_deps_priority_peak
[35m[1mScanning dependencies of target nav_msgs_generate_messages_eus[0m
[35m[1mScanning dependencies of target geometry_msgs_generate_messages_eus[0m
[35m[1mScanning dependencies of target sensor_msgs_generate_messages_eus[0m
[  0%] Built target std_msgs_generate_messages_cpp
[  0%] Built target sensor_msgs_generate_messages_cpp
[  0%] Built target std_msgs_generate_messages_eus
[  0%] Built target nav_msgs_generate_messages_eus
[  0%] Built target geometry_msgs_generate_messages_eus
[  0%] Built target sensor_msgs_generate_messages_eus
[  0%] Built target _miro2_msg_generate_messages_check_deps_sleep_adjust
[  0%] Built target _miro2_msg_generate_messages_check_deps_sensors_package
[35m[1mScanning dependencies of target miro2_msg_generate_messages_lisp[0m
[35m[1mScanning dependencies of target miro2_msg_generate_messages_nodejs[0m
[35m[1mScanning dependencies of target miro2_msg_generate_messages_py[0m
[35m[1mScanning dependencies of target miro2_msg_generate_messages_eus[0m
[35m[1mScanning dependencies of target miro2_msg_generate_messages_cpp[0m
[  6%] [34m[1mGenerating Javascript code from miro2_msg/affect_adjust.msg[0m
[  6%] [34m[1mGenerating Lisp code from miro2_msg/animal_state.msg[0m
[  6%] [34m[1mGenerating Lisp code from miro2_msg/adjust.msg[0m
[  6%] [34m[1mGenerating Lisp code from miro2_msg/animal_adjust.msg[0m
[  6%] [34m[1mGenerating EusLisp code from miro2_msg/adjust.msg[0m
[  6%] [34m[1mGenerating Javascript code from miro2_msg/affect.msg[0m
[  9%] [34m[1mGenerating EusLisp code from miro2_msg/affect.msg[0m
[  9%] [34m[1mGenerating Javascript code from miro2_msg/adjust.msg[0m
[  9%] [34m[1mGenerating Javascript code from miro2_msg/animal_adjust.msg[0m
[ 10%] [34m[1mGenerating EusLisp code from miro2_msg/affect_adjust.msg[0m
[ 13%] [34m[1mGenerating Python from MSG miro2_msg/adjust[0m
[ 14%] [34m[1mGenerating C++ code from miro2_msg/adjust.msg[0m
[ 14%] [34m[1mGenerating Python from MSG miro2_msg/affect_adjust[0m
[ 15%] [34m[1mGenerating Lisp code from miro2_msg/affect_adjust.msg[0m
[ 16%] [34m[1mGenerating Lisp code from miro2_msg/affect.msg[0m
[ 17%] [34m[1mGenerating Lisp code from miro2_msg/funnel_web.msg[0m
[ 18%] [34m[1mGenerating EusLisp code from miro2_msg/animal_adjust.msg[0m
[ 19%] [34m[1mGenerating Lisp code from miro2_msg/img_annotation.msg[0m
[ 23%] [34m[1mGenerating C++ code from miro2_msg/affect_adjust.msg[0m
[ 23%] [34m[1mGenerating EusLisp code from miro2_msg/animal_state.msg[0m
[ 22%] [34m[1mGenerating Javascript code from miro2_msg/animal_state.msg[0m
[ 23%] [34m[1mGenerating Javascript code from miro2_msg/funnel_web.msg[0m
[ 25%] [34m[1mGenerating Lisp code from miro2_msg/object_ball.msg[0m
[ 26%] [34m[1mGenerating Lisp code from miro2_msg/object_face.msg[0m
[ 27%] [34m[1mGenerating Javascript code from miro2_msg/img_annotation.msg[0m
[ 28%] [34m[1mGenerating Javascript code from miro2_msg/object_ball.msg[0m
[ 29%] [34m[1mGenerating Javascript code from miro2_msg/object_face.msg[0m
[ 30%] [34m[1mGenerating Javascript code from miro2_msg/objects.msg[0m
[ 31%] [34m[1mGenerating Javascript code from miro2_msg/object_tag.msg[0m
[ 32%] [34m[1mGenerating Javascript code from miro2_msg/push.msg[0m
[ 33%] [34m[1mGenerating Javascript code from miro2_msg/priority_peak.msg[0m
[ 34%] [34m[1mGenerating Lisp code from miro2_msg/objects.msg[0m
[ 35%] [34m[1mGenerating Javascript code from miro2_msg/sleep_adjust.msg[0m
[ 36%] [34m[1mGenerating Javascript code from miro2_msg/sensors_package.msg[0m
[ 38%] [34m[1mGenerating Lisp code from miro2_msg/object_tag.msg[0m
[ 39%] [34m[1mGenerating Lisp code from miro2_msg/priority_peak.msg[0m
[ 41%] [34m[1mGenerating C++ code from miro2_msg/affect.msg[0m
[ 41%] [34m[1mGenerating Javascript code from miro2_msg/sleep.msg[0m
[ 42%] [34m[1mGenerating C++ code from miro2_msg/animal_adjust.msg[0m
[ 43%] [34m[1mGenerating C++ code from miro2_msg/animal_state.msg[0m
[ 44%] [34m[1mGenerating EusLisp code from miro2_msg/funnel_web.msg[0m
[ 45%] [34m[1mGenerating C++ code from miro2_msg/funnel_web.msg[0m
[ 46%] [34m[1mGenerating Lisp code from miro2_msg/sensors_package.msg[0m
[ 48%] [34m[1mGenerating Lisp code from miro2_msg/push.msg[0m
[ 48%] [34m[1mGenerating Lisp code from miro2_msg/sleep_adjust.msg[0m
[ 50%] [34m[1mGenerating C++ code from miro2_msg/img_annotation.msg[0m
[ 52%] [34m[1mGenerating Lisp code from miro2_msg/voice_state.msg[0m
[ 52%] [34m[1mGenerating Lisp code from miro2_msg/sleep.msg[0m
[ 53%] [34m[1mGenerating Lisp code from miro2_msg/BatteryState.msg[0m
[ 54%] [34m[1mGenerating Python from MSG miro2_msg/affect[0m
[ 55%] [34m[1mGenerating Javascript code from miro2_msg/voice_state.msg[0m
[ 56%] [34m[1mGenerating C++ code from miro2_msg/object_ball.msg[0m
[ 57%] [34m[1mGenerating EusLisp code from miro2_msg/img_annotation.msg[0m
[ 59%] [34m[1mGenerating EusLisp code from miro2_msg/object_ball.msg[0m
[ 59%] [34m[1mGenerating Javascript code from miro2_msg/BatteryState.msg[0m
[ 60%] [34m[1mGenerating Python from MSG miro2_msg/animal_adjust[0m
[ 61%] [34m[1mGenerating Python from MSG miro2_msg/animal_state[0m
[ 63%] [34m[1mGenerating EusLisp code from miro2_msg/object_face.msg[0m
[ 63%] Built target miro2_msg_generate_messages_lisp
[ 64%] [34m[1mGenerating EusLisp code from miro2_msg/objects.msg[0m
[ 65%] [34m[1mGenerating EusLisp code from miro2_msg/object_tag.msg[0m
[ 66%] [34m[1mGenerating EusLisp code from miro2_msg/priority_peak.msg[0m
[ 66%] Built target miro2_msg_generate_messages_nodejs
[ 67%] [34m[1mGenerating EusLisp code from miro2_msg/push.msg[0m
[ 68%] [34m[1mGenerating EusLisp code from miro2_msg/sensors_package.msg[0m
[ 70%] [34m[1mGenerating Python from MSG miro2_msg/funnel_web[0m
[ 70%] [34m[1mGenerating C++ code from miro2_msg/object_face.msg[0m
[ 71%] [34m[1mGenerating Python from MSG miro2_msg/img_annotation[0m
[ 72%] [34m[1mGenerating EusLisp code from miro2_msg/sleep_adjust.msg[0m
[ 73%] [34m[1mGenerating Python from MSG miro2_msg/object_ball[0m
[ 75%] [34m[1mGenerating Python from MSG miro2_msg/object_face[0m
[ 76%] [34m[1mGenerating EusLisp code from miro2_msg/sleep.msg[0m
[ 77%] [34m[1mGenerating Python from MSG miro2_msg/objects[0m
[ 78%] [34m[1mGenerating C++ code from miro2_msg/objects.msg[0m
[ 79%] [34m[1mGenerating Python from MSG miro2_msg/object_tag[0m
[ 80%] [34m[1mGenerating EusLisp code from miro2_msg/voice_state.msg[0m
[ 81%] [34m[1mGenerating Python from MSG miro2_msg/priority_peak[0m
[ 82%] [34m[1mGenerating Python from MSG miro2_msg/push[0m
[ 83%] [34m[1mGenerating Python from MSG miro2_msg/sensors_package[0m
[ 84%] [34m[1mGenerating EusLisp code from miro2_msg/BatteryState.msg[0m
[ 85%] [34m[1mGenerating Python from MSG miro2_msg/sleep_adjust[0m
[ 86%] [34m[1mGenerating EusLisp manifest code for miro2_msg[0m
[ 88%] [34m[1mGenerating C++ code from miro2_msg/object_tag.msg[0m
[ 89%] [34m[1mGenerating C++ code from miro2_msg/priority_peak.msg[0m
[ 90%] [34m[1mGenerating C++ code from miro2_msg/push.msg[0m
[ 91%] [34m[1mGenerating Python from MSG miro2_msg/sleep[0m
[ 92%] [34m[1mGenerating C++ code from miro2_msg/sensors_package.msg[0m
[ 93%] [34m[1mGenerating C++ code from miro2_msg/sleep_adjust.msg[0m
[ 94%] [34m[1mGenerating Python from MSG miro2_msg/BatteryState[0m
[ 95%] [34m[1mGenerating Python from MSG miro2_msg/voice_state[0m
[ 96%] [34m[1mGenerating C++ code from miro2_msg/sleep.msg[0m
[ 97%] [34m[1mGenerating C++ code from miro2_msg/voice_state.msg[0m
[ 98%] [34m[1mGenerating C++ code from miro2_msg/BatteryState.msg[0m
[ 98%] Built target miro2_msg_generate_messages_cpp
[100%] [34m[1mGenerating Python msg __init__.py for miro2_msg[0m
[100%] Built target miro2_msg_generate_messages_eus
[100%] Built target miro2_msg_generate_messages_py
[35m[1mScanning dependencies of target miro2_msg_generate_messages[0m
[100%] Built target miro2_msg_generate_messages
